[debug] [2025-09-28T04:52:30.972Z] ----------------------------------------------------------------------
[debug] [2025-09-28T04:52:30.976Z] Command:       C:\Program Files\nodejs\node.exe C:\Users\PC\AppData\Roaming\npm\node_modules\firebase-tools\lib\bin\firebase.js init
[debug] [2025-09-28T04:52:30.976Z] CLI Version:   14.17.0
[debug] [2025-09-28T04:52:30.977Z] Platform:      win32
[debug] [2025-09-28T04:52:30.977Z] Node Version:  v22.14.0
[debug] [2025-09-28T04:52:30.977Z] Time:          Sun Sep 28 2025 05:52:30 GMT+0100 (West Africa Standard Time)
[debug] [2025-09-28T04:52:30.977Z] ----------------------------------------------------------------------
[debug] 
[debug] [2025-09-28T04:52:30.980Z] >>> [apiv2][query] GET https://firebase-public.firebaseio.com/cli.json [none]
[debug] [2025-09-28T04:52:31.077Z] > command requires scopes: ["email","openid","https://www.googleapis.com/auth/cloudplatformprojects.readonly","https://www.googleapis.com/auth/firebase","https://www.googleapis.com/auth/cloud-platform"]
[debug] [2025-09-28T04:52:31.078Z] > authorizing via signed-in user (oyewoledano@gmail.com)
[info] 
     ######## #### ########  ######## ########     ###     ######  ########
     ##        ##  ##     ## ##       ##     ##  ##   ##  ##       ##
     ######    ##  ########  ######   ########  #########  ######  ######
     ##        ##  ##    ##  ##       ##     ## ##     ##       ## ##
     ##       #### ##     ## ######## ########  ##     ##  ######  ########

You're about to initialize a Firebase project in this directory:

  C:\Users\PC\Desktop\peadiatric_j

[debug] [2025-09-28T04:52:31.812Z] <<< [apiv2][status] GET https://firebase-public.firebaseio.com/cli.json 200
[debug] [2025-09-28T04:52:31.813Z] <<< [apiv2][body] GET https://firebase-public.firebaseio.com/cli.json {"cloudBuildErrorAfter":1594252800000,"cloudBuildWarnAfter":1590019200000,"defaultNode10After":1594252800000,"minVersion":"3.0.5","node8DeploysDisabledAfter":1613390400000,"node8RuntimeDisabledAfter":1615809600000,"node8WarnAfter":1600128000000}
[info] 
=== Project Setup
[info] 
[info] First, let's associate this project directory with a Firebase project.
[info] You can create multiple project aliases by running firebase use --add, 
[info] but for now we'll just set up a default project.
[info] 
[debug] [2025-09-28T04:53:26.132Z] Checked if tokens are valid: false, expires at: 1757137866698
[debug] [2025-09-28T04:53:26.132Z] Checked if tokens are valid: false, expires at: 1757137866698
[debug] [2025-09-28T04:53:26.132Z] > refreshing access token with scopes: []
[debug] [2025-09-28T04:53:26.134Z] >>> [apiv2][query] POST https://www.googleapis.com/oauth2/v3/token [none]
[debug] [2025-09-28T04:53:26.134Z] >>> [apiv2][body] POST https://www.googleapis.com/oauth2/v3/token [omitted]
[debug] [2025-09-28T04:53:26.606Z] <<< [apiv2][status] POST https://www.googleapis.com/oauth2/v3/token 200
[debug] [2025-09-28T04:53:26.606Z] <<< [apiv2][body] POST https://www.googleapis.com/oauth2/v3/token [omitted]
[debug] [2025-09-28T04:53:26.615Z] >>> [apiv2][query] GET https://firebase.googleapis.com/v1beta1/projects pageSize=100
[debug] [2025-09-28T04:53:27.355Z] <<< [apiv2][status] GET https://firebase.googleapis.com/v1beta1/projects 200
[debug] [2025-09-28T04:53:27.356Z] <<< [apiv2][body] GET https://firebase.googleapis.com/v1beta1/projects [omitted]
[info] i  Using project eclearancepro (pediatricsJournal) 
[info] 
=== Hosting Setup
[debug] [2025-09-28T04:55:15.835Z] Checked if tokens are valid: true, expires at: 1759038805607
[debug] [2025-09-28T04:55:15.835Z] Checked if tokens are valid: true, expires at: 1759038805607
[debug] [2025-09-28T04:55:15.835Z] >>> [apiv2][query] GET https://firebase.googleapis.com/v1beta1/projects/eclearancepro [none]
[debug] [2025-09-28T04:55:16.382Z] <<< [apiv2][status] GET https://firebase.googleapis.com/v1beta1/projects/eclearancepro 200
[debug] [2025-09-28T04:55:16.382Z] <<< [apiv2][body] GET https://firebase.googleapis.com/v1beta1/projects/eclearancepro {"projectId":"eclearancepro","projectNumber":"645609499599","displayName":"pediatricsJournal","name":"projects/eclearancepro","resources":{"hostingSite":"eclearancepro"},"state":"ACTIVE","etag":"1_9ba01468-a908-42b3-9c24-c16e97f5e3f8"}
[info] 
[info] Your public directory is the folder (relative to your project directory) that
[info] will contain Hosting assets to be uploaded with firebase deploy. If you
[info] have a build process for your assets, use your build's output directory.
[info] 
[debug] [2025-09-28T04:56:05.869Z] >>> [apiv2][query] GET https://www.gstatic.com/firebasejs/releases.json [none]
[debug] [2025-09-28T04:56:06.332Z] <<< [apiv2][status] GET https://www.gstatic.com/firebasejs/releases.json 200
[debug] [2025-09-28T04:56:06.332Z] <<< [apiv2][body] GET https://www.gstatic.com/firebasejs/releases.json {"current":{"version":"12.3.0","browserURL":"https://www.gstatic.com/firebasejs/12.3.0/firebase.js","packageURL":"https://www.gstatic.com/firebasejs/12.3.0/firebase.tgz"},"live":{"version":"12.3","browserURL":"https://www.gstatic.com/firebasejs/live/12.3/firebase.js","packageURL":"https://www.gstatic.com/firebasejs/live/12.3/firebase.tgz"},"components":{"ai":"https://www.gstatic.com/firebasejs/12.3.0/firebase-ai.js","analytics":"https://www.gstatic.com/firebasejs/12.3.0/firebase-analytics.js","app":"https://www.gstatic.com/firebasejs/12.3.0/firebase-app.js","app-check":"https://www.gstatic.com/firebasejs/12.3.0/firebase-app-check.js","auth":"https://www.gstatic.com/firebasejs/12.3.0/firebase-auth.js","auth/cordova":"https://www.gstatic.com/firebasejs/12.3.0/firebase-auth/cordova.js","auth/web-extension":"https://www.gstatic.com/firebasejs/12.3.0/firebase-auth/web-extension.js","functions":"https://www.gstatic.com/firebasejs/12.3.0/firebase-functions.js","firestore":"https://www.gstatic.com/firebasejs/12.3.0/firebase-firestore.js","firestore/lite":"https://www.gstatic.com/firebasejs/12.3.0/firebase-firestore/lite.js","installations":"https://www.gstatic.com/firebasejs/12.3.0/firebase-installations.js","storage":"https://www.gstatic.com/firebasejs/12.3.0/firebase-storage.js","performance":"https://www.gstatic.com/firebasejs/12.3.0/firebase-performance.js","remote-config":"https://www.gstatic.com/firebasejs/12.3.0/firebase-remote-config.js","messaging":"https://www.gstatic.com/firebasejs/12.3.0/firebase-messaging.js","messaging/sw":"https://www.gstatic.com/firebasejs/12.3.0/firebase-messaging/sw.js","database":"https://www.gstatic.com/firebasejs/12.3.0/firebase-database.js","data-connect":"https://www.gstatic.com/firebasejs/12.3.0/firebase-data-connect.js","firestore.memory":"https://www.gstatic.com/firebasejs/12.3.0/firebase-firestore.memory.js"}}
[info] +  Wrote y/index.html 
[info] 
[info] i  Didn't detect a .git folder. Assuming C:\Users\PC\Desktop\peadiatric_j is the project root. 
[info] i  Authorizing with GitHub to upload your service account to a GitHub repository's secrets store. 
[info] 
[info] Visit this URL on this device to log in:
[info] https://github.com/login/oauth/authorize?client_id=89cf50f02ac6aaed3484&state=67805270&redirect_uri=http%3A%2F%2Flocalhost%3A9005&scope=read%3Auser%20repo%20public_repo
[info] 
[info] Waiting for authentication...
[debug] [2025-09-28T04:56:07.488Z] >>> [apiv2][query] POST https://github.com/login/oauth/access_token [none]
[debug] [2025-09-28T04:56:07.489Z] >>> [apiv2][body] POST https://github.com/login/oauth/access_token [stream]
[debug] [2025-09-28T04:56:08.260Z] <<< [apiv2][status] POST https://github.com/login/oauth/access_token 200
[debug] [2025-09-28T04:56:08.261Z] <<< [apiv2][body] POST https://github.com/login/oauth/access_token {"access_token":"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","token_type":"bearer","scope":"read:user,repo"}
[debug] [2025-09-28T04:56:08.275Z] >>> [apiv2][query] GET https://api.github.com/user [none]
[debug] [2025-09-28T04:56:08.977Z] <<< [apiv2][status] GET https://api.github.com/user 200
[debug] [2025-09-28T04:56:08.978Z] <<< [apiv2][body] GET https://api.github.com/user {"login":"de-fumble","id":71223217,"node_id":"MDQ6VXNlcjcxMjIzMjE3","avatar_url":"https://avatars.githubusercontent.com/u/71223217?v=4","gravatar_id":"","url":"https://api.github.com/users/de-fumble","html_url":"https://github.com/de-fumble","followers_url":"https://api.github.com/users/de-fumble/followers","following_url":"https://api.github.com/users/de-fumble/following{/other_user}","gists_url":"https://api.github.com/users/de-fumble/gists{/gist_id}","starred_url":"https://api.github.com/users/de-fumble/starred{/owner}{/repo}","subscriptions_url":"https://api.github.com/users/de-fumble/subscriptions","organizations_url":"https://api.github.com/users/de-fumble/orgs","repos_url":"https://api.github.com/users/de-fumble/repos","events_url":"https://api.github.com/users/de-fumble/events{/privacy}","received_events_url":"https://api.github.com/users/de-fumble/received_events","type":"User","user_view_type":"private","site_admin":false,"name":"Daniel Oyewole","company":"Nebulatech Innovations","blog":"","location":"RE","email":null,"hireable":null,"bio":"T3ch Enthusiast.\r\nCore Porsche Purist.\r\n","twitter_username":null,"notification_email":null,"public_repos":17,"public_gists":0,"followers":1,"following":5,"created_at":"2020-09-13T15:19:22Z","updated_at":"2025-09-15T12:22:52Z","private_gists":0,"total_private_repos":2,"owned_private_repos":2,"disk_usage":67403,"collaborators":0,"two_factor_authentication":false,"plan":{"name":"free","space":976562499,"collaborators":0,"private_repos":10000}}
[info] 
[info] +  Success! Logged into GitHub as de-fumble 
[info] 
